\BOOKMARK [0][-]{chapter.1}{\376\377\121\375\145\160\147\201\226\120\116\016\217\336\176\355}{}% 1
\BOOKMARK [1][-]{section.1.1}{\376\377\131\202\117\125\154\102\211\343\121\375\145\160\145\271\172\013}{chapter.1}% 2
\BOOKMARK [1][-]{section.1.2}{\376\377\123\315\121\375\145\160}{chapter.1}% 3
\BOOKMARK [1][-]{section.1.3}{\376\377\131\015\124\010\121\375\145\160\166\204\131\107\120\166\140\047}{chapter.1}% 4
\BOOKMARK [1][-]{section.1.4}{\376\377\116\011\211\322\121\375\145\160}{chapter.1}% 5
\BOOKMARK [1][-]{section.1.5}{\376\377\121\375\145\160\147\201\226\120\133\232\116\111}{chapter.1}% 6
\BOOKMARK [1][-]{section.1.6}{\376\377\147\201\226\120\116\016\147\011\165\114\140\047}{chapter.1}% 7
\BOOKMARK [1][-]{section.1.7}{\376\377\147\201\226\120\377\032\040\034\201\061\136\075\154\325\040\035\124\214\040\034\142\064\136\075\154\325\040\035}{chapter.1}% 8
\BOOKMARK [1][-]{section.1.8}{\376\377\145\340\172\167\134\017\166\204\153\324\226\066}{chapter.1}% 9
\BOOKMARK [1][-]{section.1.9}{\376\377\147\201\226\120\213\241\173\227}{chapter.1}% 10
\BOOKMARK [1][-]{section.1.10}{\376\377\155\033\137\305\217\276\154\325\122\031}{chapter.1}% 11
\BOOKMARK [1][-]{section.1.11}{\376\377\154\360\122\322\121\154\137\017}{chapter.1}% 12
\BOOKMARK [1][-]{section.1.12}{\376\377\116\044\116\052\221\315\211\201\147\201\226\120}{chapter.1}% 13
\BOOKMARK [1][-]{section.1.13}{\376\377\131\071\220\074\121\306\122\031}{chapter.1}% 14
\BOOKMARK [1][-]{section.1.14}{\376\377\147\201\226\120\213\241\173\227\117\213\230\230}{chapter.1}% 15
\BOOKMARK [1][-]{section.1.15}{\376\377\121\375\145\160\166\204\217\336\176\355\124\214\225\364\145\255}{chapter.1}% 16
\BOOKMARK [0][-]{chapter.2}{\376\377\145\160\122\027\147\201\226\120}{}% 17
\BOOKMARK [1][-]{section.2.1}{\376\377\145\160\122\027\147\201\226\120\133\232\116\111}{chapter.2}% 18
\BOOKMARK [1][-]{section.2.2}{\376\377\145\160\143\156\145\066\145\133\116\016\121\166\133\120\122\027\145\066\145\133}{chapter.2}% 19
\BOOKMARK [1][-]{section.2.3}{\376\377\145\066\145\133\145\160\122\027\166\204\140\047\215\050}{chapter.2}% 20
\BOOKMARK [1][-]{section.2.4}{\376\377\147\201\226\120\126\333\122\031\217\320\173\227\211\304\122\031}{chapter.2}% 21
\BOOKMARK [1][-]{section.2.5}{\376\377\155\167\155\205\133\232\164\006\377\010\137\122\176\323\123\237\122\031\377\011}{chapter.2}% 22
\BOOKMARK [1][-]{section.2.6}{\376\377\131\071\220\074\121\306\122\031}{chapter.2}% 23
\BOOKMARK [1][-]{section.2.7}{\376\377\123\125\214\003\147\011\165\114\121\306\122\031}{chapter.2}% 24
\BOOKMARK [0][-]{chapter.3}{\376\377\116\000\121\103\121\375\145\160\137\256\122\006\133\146\166\204\151\202\137\365}{}% 25
\BOOKMARK [1][-]{section.3.1}{\376\377\133\374\145\160\133\232\116\111}{chapter.3}% 26
\BOOKMARK [1][-]{section.3.2}{\376\377\133\374\145\160\117\213\230\230}{chapter.3}% 27
\BOOKMARK [1][-]{section.3.3}{\376\377\133\374\145\160\166\204\121\340\117\125\141\017\116\111}{chapter.3}% 28
\BOOKMARK [1][-]{section.3.4}{\376\377\232\330\226\066\133\374\145\160}{chapter.3}% 29
\BOOKMARK [1][-]{section.3.5}{\376\377\137\256\122\006\166\204\151\202\137\365}{chapter.3}% 30
\BOOKMARK [0][-]{chapter.4}{\376\377\116\000\121\103\121\375\145\160\137\256\122\006\133\146\166\204\213\241\173\227}{}% 31
\BOOKMARK [1][-]{section.4.1}{\376\377\127\372\147\054\154\102\133\374\121\154\137\017}{chapter.4}% 32
\BOOKMARK [1][-]{section.4.2}{\376\377\126\333\122\031\217\320\173\227}{chapter.4}% 33
\BOOKMARK [1][-]{section.4.3}{\376\377\131\015\124\010\121\375\145\160\166\204\133\374\145\160\116\016\137\256\122\006\137\142\137\017\116\015\123\330\140\047}{chapter.4}% 34
\BOOKMARK [1][-]{section.4.4}{\376\377\122\006\153\265\121\375\145\160\166\204\133\374\145\160}{chapter.4}% 35
\BOOKMARK [1][-]{section.4.5}{\376\377\123\315\121\375\145\160\166\204\133\374\145\160}{chapter.4}% 36
\BOOKMARK [1][-]{section.4.6}{\376\377\226\220\121\375\145\160\154\102\133\374\154\325}{chapter.4}% 37
\BOOKMARK [1][-]{section.4.7}{\376\377\123\302\145\160\145\271\172\013\142\100\170\156\133\232\166\204\121\375\145\160\166\204\133\374\145\160}{chapter.4}% 38
\BOOKMARK [1][-]{section.4.8}{\376\377\133\371\145\160\154\102\133\374\154\325}{chapter.4}% 39
\BOOKMARK [1][-]{section.4.9}{\376\377\136\102\143\007\121\375\145\160\154\102\133\374\154\325}{chapter.4}% 40
\BOOKMARK [1][-]{section.4.10}{\376\377\232\330\226\066\133\374\145\160}{chapter.4}% 41
\BOOKMARK [0][-]{chapter.5}{\376\377\116\000\121\103\137\256\122\006\133\146\166\204\136\224\165\050\040\024\121\340\117\125\136\224\165\050}{}% 42
\BOOKMARK [1][-]{section.5.1}{\376\377\147\201\120\074\166\204\133\232\116\111}{chapter.5}% 43
\BOOKMARK [1][-]{section.5.2}{\376\377\123\125\214\003\140\047\116\016\147\201\120\074\166\204\122\044\122\053}{chapter.5}% 44
\BOOKMARK [1][-]{section.5.3}{\376\377\121\371\121\370\140\047\124\214\142\320\160\271\166\204\151\202\137\365}{chapter.5}% 45
\BOOKMARK [1][-]{section.5.4}{\376\377\121\371\121\370\140\047\116\016\142\320\160\271\166\204\122\044\122\053}{chapter.5}% 46
\BOOKMARK [1][-]{section.5.5}{\376\377\147\201\120\074\160\271\116\016\142\320\160\271\166\204\221\315\211\201\176\323\213\272}{chapter.5}% 47
\BOOKMARK [1][-]{section.5.6}{\376\377\156\020\217\321\176\277}{chapter.5}% 48
\BOOKMARK [1][-]{section.5.7}{\376\377\147\000\120\074\142\026\123\326\120\074\203\003\126\364}{chapter.5}% 49
\BOOKMARK [1][-]{section.5.8}{\376\377\117\134\121\375\145\160\126\376\120\317}{chapter.5}% 50
\BOOKMARK [1][-]{section.5.9}{\376\377\146\362\163\207\123\312\146\362\163\207\123\112\137\204}{chapter.5}% 51
\BOOKMARK [0][-]{chapter.6}{\376\377\116\000\121\103\121\375\145\160\137\256\122\006\133\146\166\204\136\224\165\050\040\024\116\055\120\074\133\232\164\006\000a\000n\000d\137\256\122\006\173\111\137\017\000a\000n\000d\137\256\122\006\116\015\173\111\137\017}{}% 52
\BOOKMARK [1][-]{section.6.1}{\376\377\116\055\120\074\133\232\164\006}{chapter.6}% 53
\BOOKMARK [0][-]{chapter.7}{\376\377\210\114\122\027\137\017\127\372\170\100\167\345\213\306}{}% 54
\BOOKMARK [0][-]{chapter.8}{\376\377\000C\000S\0002\0002\0009\000:\000\040\000M\000a\000c\000h\000i\000n\000e\000\040\000L\000e\000a\000r\000n\000i\000n\000g\040\024\000S\000u\000p\000e\000r\000v\000i\000s\000e\000d\000\040\000l\000e\000a\000r\000n\000i\000n\000g}{}% 55
\BOOKMARK [1][-]{section.8.1}{\376\377\000L\000i\000n\000e\000a\000r\000\040\000r\000e\000g\000r\000e\000s\000s\000i\000o\000n}{chapter.8}% 56
\BOOKMARK [1][-]{section.8.2}{\376\377\000C\000l\000a\000s\000s\000i\000f\000i\000c\000a\000t\000i\000o\000n\000\040\000a\000n\000d\000\040\000l\000o\000g\000i\000s\000t\000i\000c\000\040\000r\000e\000g\000r\000e\000s\000s\000i\000o\000n}{chapter.8}% 57
\BOOKMARK [1][-]{section.8.3}{\376\377\000G\000e\000n\000e\000r\000a\000t\000i\000v\000e\000\040\000l\000e\000a\000r\000n\000i\000n\000g\000\040\000a\000l\000g\000o\000r\000i\000t\000h\000m\000s}{chapter.8}% 58
\BOOKMARK [1][-]{section.8.4}{\376\377\000S\000u\000p\000p\000o\000r\000t\000\040\000v\000e\000c\000t\000o\000r\000\040\000m\000a\000c\000h\000i\000n\000e\000s}{chapter.8}% 59
\BOOKMARK [1][-]{section.8.5}{\376\377\000K\000e\000r\000n\000e\000l\000\040\000m\000e\000t\000h\000o\000d\000s}{chapter.8}% 60
\BOOKMARK [0][-]{chapter.9}{\376\377\000F\000o\000u\000n\000d\000a\000t\000i\000o\000n\000s\000\040\000o\000f\000\040\000D\000a\000t\000a\000\040\000S\000c\000i\000e\000n\000c\000e}{}% 61
\BOOKMARK [0][-]{chapter.10}{\376\377\000C\000S\0001\0000\0006\000L}{}% 62
\BOOKMARK [1][-]{section.10.1}{\376\377\000T\000y\000p\000e\000s\000\040\000a\000n\000d\000\040\000S\000t\000r\000u\000c\000t\000s}{chapter.10}% 63
\BOOKMARK [2][-]{subsection.10.1.1}{\376\377\000F\000u\000n\000c\000t\000i\000o\000n\000\040\000o\000v\000e\000r\000l\000o\000a\000d\000i\000n\000g}{section.10.1}% 64
\BOOKMARK [2][-]{subsection.10.1.2}{\376\377\000s\000t\000r\000u\000c\000t}{section.10.1}% 65
\BOOKMARK [2][-]{subsection.10.1.3}{\376\377\000s\000t\000d\000:\000:\000p\000a\000i\000r}{section.10.1}% 66
\BOOKMARK [2][-]{subsection.10.1.4}{\376\377\000a\000u\000t\000o}{section.10.1}% 67
\BOOKMARK [1][-]{section.10.2}{\376\377\000I\000n\000i\000t\000i\000a\000l\000i\000z\000a\000t\000i\000o\000n\000\040\000\046\000\040\000R\000e\000f\000e\000r\000e\000n\000c\000e\000s}{chapter.10}% 68
\BOOKMARK [2][-]{subsection.10.2.1}{\376\377\000U\000n\000i\000f\000o\000r\000m\000\040\000i\000n\000i\000t\000i\000a\000l\000i\000z\000a\000t\000i\000o\000n}{section.10.2}% 69
\BOOKMARK [2][-]{subsection.10.2.2}{\376\377\000S\000t\000r\000u\000c\000t\000u\000r\000e\000d\000\040\000B\000i\000n\000d\000i\000n\000g}{section.10.2}% 70
\BOOKMARK [2][-]{subsection.10.2.3}{\376\377\000R\000e\000f\000e\000r\000e\000n\000c\000e}{section.10.2}% 71
\BOOKMARK [2][-]{subsection.10.2.4}{\376\377\000s\000t\000d\000:\000:\000v\000e\000c\000t\000o\000r}{section.10.2}% 72
\BOOKMARK [2][-]{subsection.10.2.5}{\376\377\000l\000-\000v\000a\000l\000u\000e\000s\000\040\000v\000s\000\040\000r\000-\000v\000a\000l\000u\000e\000s}{section.10.2}% 73
\BOOKMARK [2][-]{subsection.10.2.6}{\376\377\000C\000o\000n\000s\000t\000\040\000a\000n\000d\000\040\000C\000o\000n\000s\000t\000\040\000R\000e\000f\000e\000r\000e\000n\000c\000e\000s}{section.10.2}% 74
\BOOKMARK [1][-]{section.10.3}{\376\377\000S\000t\000r\000e\000a\000m\000s}{chapter.10}% 75
\BOOKMARK [2][-]{subsection.10.3.1}{\376\377\000O\000u\000t\000p\000u\000t\000\040\000S\000t\000r\000e\000a\000m\000s}{section.10.3}% 76
\BOOKMARK [2][-]{subsection.10.3.2}{\376\377\000O\000u\000t\000p\000u\000t\000\040\000F\000i\000l\000e\000\040\000S\000t\000r\000e\000a\000m\000s}{section.10.3}% 77
\BOOKMARK [2][-]{subsection.10.3.3}{\376\377\000I\000n\000p\000u\000t\000\040\000S\000t\000r\000e\000a\000m\000s}{section.10.3}% 78
\BOOKMARK [2][-]{subsection.10.3.4}{\376\377\000S\000t\000r\000i\000n\000g\000s\000t\000r\000e\000a\000m\000s}{section.10.3}% 79
\BOOKMARK [1][-]{section.10.4}{\376\377\000C\000o\000n\000t\000a\000i\000n\000e\000r\000s}{chapter.10}% 80
\BOOKMARK [0][-]{chapter.11}{\376\377\000L\000a\000r\000g\000e\000\040\000L\000a\000n\000g\000u\000a\000g\000e\000\040\000M\000o\000d\000e\000l\000s\000\040\000f\000o\000r\000\040\000P\000e\000r\000s\000o\000n\000a\000l\000i\000z\000e\000d}{}% 81
\BOOKMARK [0][-]{chapter.12}{\376\377\000L\000e\000e\000t\000c\000o\000d\000e}{}% 82
\BOOKMARK [1][-]{section.12.1}{\376\377\127\372\170\100\167\345\213\306}{chapter.12}% 83
\BOOKMARK [1][-]{section.12.2}{\376\377\126\336\156\257\154\325}{chapter.12}% 84
