\BOOKMARK [0][-]{chapter.1}{\376\377\121\375\145\160\147\201\226\120\116\016\217\336\176\355}{}% 1
\BOOKMARK [1][-]{section.1.1}{\376\377\131\202\117\125\154\102\211\343\121\375\145\160\145\271\172\013}{chapter.1}% 2
\BOOKMARK [1][-]{section.1.2}{\376\377\123\315\121\375\145\160}{chapter.1}% 3
\BOOKMARK [1][-]{section.1.3}{\376\377\131\015\124\010\121\375\145\160\166\204\131\107\120\166\140\047}{chapter.1}% 4
\BOOKMARK [1][-]{section.1.4}{\376\377\116\011\211\322\121\375\145\160}{chapter.1}% 5
\BOOKMARK [1][-]{section.1.5}{\376\377\121\375\145\160\147\201\226\120\133\232\116\111}{chapter.1}% 6
\BOOKMARK [1][-]{section.1.6}{\376\377\147\201\226\120\116\016\147\011\165\114\140\047}{chapter.1}% 7
\BOOKMARK [1][-]{section.1.7}{\376\377\147\201\226\120\377\032\040\034\201\061\136\075\154\325\040\035\124\214\040\034\142\064\136\075\154\325\040\035}{chapter.1}% 8
\BOOKMARK [1][-]{section.1.8}{\376\377\145\340\172\167\134\017\166\204\153\324\226\066}{chapter.1}% 9
\BOOKMARK [1][-]{section.1.9}{\376\377\147\201\226\120\213\241\173\227}{chapter.1}% 10
\BOOKMARK [1][-]{section.1.10}{\376\377\155\033\137\305\217\276\154\325\122\031}{chapter.1}% 11
\BOOKMARK [1][-]{section.1.11}{\376\377\154\360\122\322\121\154\137\017}{chapter.1}% 12
\BOOKMARK [1][-]{section.1.12}{\376\377\116\044\116\052\221\315\211\201\147\201\226\120}{chapter.1}% 13
\BOOKMARK [1][-]{section.1.13}{\376\377\131\071\220\074\121\306\122\031}{chapter.1}% 14
\BOOKMARK [1][-]{section.1.14}{\376\377\147\201\226\120\213\241\173\227\117\213\230\230}{chapter.1}% 15
\BOOKMARK [1][-]{section.1.15}{\376\377\121\375\145\160\166\204\217\336\176\355\124\214\225\364\145\255}{chapter.1}% 16
\BOOKMARK [0][-]{chapter.2}{\376\377\145\160\122\027\147\201\226\120}{}% 17
\BOOKMARK [1][-]{section.2.1}{\376\377\145\160\122\027\147\201\226\120\133\232\116\111}{chapter.2}% 18
\BOOKMARK [1][-]{section.2.2}{\376\377\145\160\143\156\145\066\145\133\116\016\121\166\133\120\122\027\145\066\145\133}{chapter.2}% 19
\BOOKMARK [1][-]{section.2.3}{\376\377\145\066\145\133\145\160\122\027\166\204\140\047\215\050}{chapter.2}% 20
\BOOKMARK [1][-]{section.2.4}{\376\377\147\201\226\120\126\333\122\031\217\320\173\227\211\304\122\031}{chapter.2}% 21
\BOOKMARK [1][-]{section.2.5}{\376\377\155\167\155\205\133\232\164\006\377\010\137\122\176\323\123\237\122\031\377\011}{chapter.2}% 22
\BOOKMARK [0][-]{chapter.3}{\376\377\000A\000r\000t\000i\000c\000l\000e\000-\000R\000e\000a\000d\000i\000n\000g}{}% 23
\BOOKMARK [1][-]{section.3.1}{\376\377\000C\000O\000M\000B\000O\150\106\147\266}{chapter.3}% 24
\BOOKMARK [0][-]{chapter.4}{\376\377\000C\000S\0001\0000\0006\000L}{}% 25
\BOOKMARK [1][-]{section.4.1}{\376\377\000T\000y\000p\000e\000s\000\040\000a\000n\000d\000\040\000S\000t\000r\000u\000c\000t\000s}{chapter.4}% 26
\BOOKMARK [2][-]{subsection.4.1.1}{\376\377\000F\000u\000n\000c\000t\000i\000o\000n\000\040\000o\000v\000e\000r\000l\000o\000a\000d\000i\000n\000g}{section.4.1}% 27
\BOOKMARK [2][-]{subsection.4.1.2}{\376\377\000s\000t\000r\000u\000c\000t}{section.4.1}% 28
\BOOKMARK [2][-]{subsection.4.1.3}{\376\377\000s\000t\000d\000:\000:\000p\000a\000i\000r}{section.4.1}% 29
\BOOKMARK [2][-]{subsection.4.1.4}{\376\377\000a\000u\000t\000o}{section.4.1}% 30
\BOOKMARK [1][-]{section.4.2}{\376\377\000I\000n\000i\000t\000i\000a\000l\000i\000z\000a\000t\000i\000o\000n\000\040\000\046\000\040\000R\000e\000f\000e\000r\000e\000n\000c\000e\000s}{chapter.4}% 31
\BOOKMARK [2][-]{subsection.4.2.1}{\376\377\000U\000n\000i\000f\000o\000r\000m\000\040\000i\000n\000i\000t\000i\000a\000l\000i\000z\000a\000t\000i\000o\000n}{section.4.2}% 32
\BOOKMARK [2][-]{subsection.4.2.2}{\376\377\000S\000t\000r\000u\000c\000t\000u\000r\000e\000d\000\040\000B\000i\000n\000d\000i\000n\000g}{section.4.2}% 33
\BOOKMARK [2][-]{subsection.4.2.3}{\376\377\000R\000e\000f\000e\000r\000e\000n\000c\000e}{section.4.2}% 34
\BOOKMARK [2][-]{subsection.4.2.4}{\376\377\000s\000t\000d\000:\000:\000v\000e\000c\000t\000o\000r}{section.4.2}% 35
\BOOKMARK [2][-]{subsection.4.2.5}{\376\377\000l\000-\000v\000a\000l\000u\000e\000s\000\040\000v\000s\000\040\000r\000-\000v\000a\000l\000u\000e\000s}{section.4.2}% 36
\BOOKMARK [2][-]{subsection.4.2.6}{\376\377\000C\000o\000n\000s\000t\000\040\000a\000n\000d\000\040\000C\000o\000n\000s\000t\000\040\000R\000e\000f\000e\000r\000e\000n\000c\000e\000s}{section.4.2}% 37
\BOOKMARK [1][-]{section.4.3}{\376\377\000S\000t\000r\000e\000a\000m\000s}{chapter.4}% 38
\BOOKMARK [2][-]{subsection.4.3.1}{\376\377\000O\000u\000t\000p\000u\000t\000\040\000S\000t\000r\000e\000a\000m\000s}{section.4.3}% 39
\BOOKMARK [2][-]{subsection.4.3.2}{\376\377\000O\000u\000t\000p\000u\000t\000\040\000F\000i\000l\000e\000\040\000S\000t\000r\000e\000a\000m\000s}{section.4.3}% 40
\BOOKMARK [2][-]{subsection.4.3.3}{\376\377\000I\000n\000p\000u\000t\000\040\000S\000t\000r\000e\000a\000m\000s}{section.4.3}% 41
\BOOKMARK [2][-]{subsection.4.3.4}{\376\377\000S\000t\000r\000i\000n\000g\000s\000t\000r\000e\000a\000m\000s}{section.4.3}% 42
\BOOKMARK [1][-]{section.4.4}{\376\377\000C\000o\000n\000t\000a\000i\000n\000e\000r\000s}{chapter.4}% 43
\BOOKMARK [1][-]{section.4.5}{\376\377\000E\000n\000d\000i\000n\000g}{chapter.4}% 44
\BOOKMARK [0][-]{chapter.5}{\376\377\000L\000e\000e\000t\000c\000o\000d\000e}{}% 45
\BOOKMARK [0][-]{chapter.6}{\376\377\000C\000o\000m\000p\000u\000t\000e\000r\000\040\000N\000e\000t\000w\000o\000r\000k}{}% 46
\BOOKMARK [0][-]{chapter.7}{\376\377\000G\000i\000t\000\040\000\046\000\040\000L\000i\000n\000u\000x}{}% 47
